2026-03-21 17:41:32,523 [INFO] ======================================================================
2026-03-21 17:41:32,523 [INFO] ProjectZZZ - Детальный анализ применяемости v2.1
2026-03-21 17:41:32,523 [INFO] ======================================================================
2026-03-21 17:41:32,564 [INFO] 
======================================================================
2026-03-21 17:41:32,564 [INFO] АНАЛИЗ ПРИМЕНЯЕМОСТИ (v2.1 - РОССИЙСКИЕ БРЕНДЫ)
2026-03-21 17:41:32,565 [INFO] ======================================================================
2026-03-21 17:41:32,565 [INFO] 
📥 Загрузка данных из skus...
2026-03-21 17:41:32,886 [INFO]    Загружено записей с применяемостью: 176,145
2026-03-21 17:41:32,886 [INFO] 
🔍 Детальный анализ применяемости...
2026-03-21 17:41:41,863 [INFO] 
🇷🇺 РОССИЙСКИЕ БРЕНДЫ (детально):
2026-03-21 17:41:41,891 [INFO]    LADA: 5,569 вхождений, 4,922 доминирующих
2026-03-21 17:41:41,919 [INFO]    GAZ: 1,377 вхождений, 841 доминирующих
2026-03-21 17:41:41,940 [INFO]    UAZ: 668 вхождений, 458 доминирующих
2026-03-21 17:41:41,962 [INFO]    AZLK: 144 вхождений, 36 доминирующих
2026-03-21 17:41:41,987 [INFO]    KAMAZ: 74 вхождений, 54 доминирующих
2026-03-21 17:41:42,007 [INFO]    URAL: 43 вхождений, 12 доминирующих
2026-03-21 17:41:42,029 [INFO]    ZIL: 1,074 вхождений, 272 доминирующих
2026-03-21 17:41:42,052 [INFO]    PAZ: 31 вхождений, 8 доминирующих
2026-03-21 17:41:42,077 [INFO]    LIAZ: 7 вхождений, 1 доминирующих
2026-03-21 17:41:42,077 [INFO] 
📊 Статистика записей в ячейке:
2026-03-21 17:41:42,079 [INFO]    0 записей: 232 SKU (0.1%)
2026-03-21 17:41:42,079 [INFO]    1 записей: 59,456 SKU (33.8%)
2026-03-21 17:41:42,079 [INFO]    2 записей: 34,976 SKU (19.9%)
2026-03-21 17:41:42,079 [INFO]    3 записей: 22,888 SKU (13.0%)
2026-03-21 17:41:42,079 [INFO]    4 записей: 14,334 SKU (8.1%)
2026-03-21 17:41:42,079 [INFO]    5 записей: 9,693 SKU (5.5%)
2026-03-21 17:41:42,079 [INFO]    6 записей: 7,187 SKU (4.1%)
2026-03-21 17:41:42,079 [INFO]    7 записей: 4,866 SKU (2.8%)
2026-03-21 17:41:42,079 [INFO]    8 записей: 3,919 SKU (2.2%)
2026-03-21 17:41:42,079 [INFO]    9 записей: 2,675 SKU (1.5%)
2026-03-21 17:41:42,079 [INFO]    10 записей: 2,016 SKU (1.1%)
2026-03-21 17:41:42,079 [INFO]    11 записей: 1,739 SKU (1.0%)
2026-03-21 17:41:42,080 [INFO]    12 записей: 1,474 SKU (0.8%)
2026-03-21 17:41:42,080 [INFO]    13 записей: 1,287 SKU (0.7%)
2026-03-21 17:41:42,080 [INFO]    14 записей: 1,260 SKU (0.7%)
2026-03-21 17:41:42,080 [INFO] 
📊 СТАТИСТИКА ПО БРЕНДАМ (с учётом множественных вхождений):
2026-03-21 17:41:42,102 [INFO]    TOYOTA: 25,358 вхождений (11.9%)
2026-03-21 17:41:42,102 [INFO]    NISSAN: 15,441 вхождений (7.3%)
2026-03-21 17:41:42,102 [INFO]    VOLKSWAGEN: 13,706 вхождений (6.5%)
2026-03-21 17:41:42,102 [INFO]    HYUNDAI: 12,155 вхождений (5.7%)
2026-03-21 17:41:42,102 [INFO]    FORD: 10,516 вхождений (5.0%)
2026-03-21 17:41:42,102 [INFO]    KIA: 9,751 вхождений (4.6%)
2026-03-21 17:41:42,102 [INFO]    HONDA: 9,359 вхождений (4.4%)
2026-03-21 17:41:42,103 [INFO]    MITSUBISHI: 8,900 вхождений (4.2%)
2026-03-21 17:41:42,103 [INFO]    AUDI: 8,881 вхождений (4.2%)
2026-03-21 17:41:42,103 [INFO]    MAZDA: 8,285 вхождений (3.9%)
2026-03-21 17:41:42,103 [INFO]    BMW: 7,875 вхождений (3.7%)
2026-03-21 17:41:42,103 [INFO]    RENAULT: 7,329 вхождений (3.5%)
2026-03-21 17:41:42,103 [INFO]    MERCEDES: 7,289 вхождений (3.4%)
2026-03-21 17:41:42,103 [INFO]    OPEL: 7,105 вхождений (3.3%)
2026-03-21 17:41:42,103 [INFO]    CHEVROLET: 6,131 вхождений (2.9%)
2026-03-21 17:41:42,103 [INFO]    CITROEN: 6,005 вхождений (2.8%)
2026-03-21 17:41:42,104 [INFO]    LADA: 5,569 вхождений (2.6%)
2026-03-21 17:41:42,104 [INFO]    PEUGEOT: 5,153 вхождений (2.4%)
2026-03-21 17:41:42,104 [INFO]    SUZUKI: 3,664 вхождений (1.7%)
2026-03-21 17:41:42,104 [INFO]    FIAT: 3,576 вхождений (1.7%)
2026-03-21 17:41:42,104 [INFO]    VOLVO: 3,493 вхождений (1.6%)
2026-03-21 17:41:42,104 [INFO]    SUBARU: 3,182 вхождений (1.5%)
2026-03-21 17:41:42,104 [INFO]    DAEWOO: 2,964 вхождений (1.4%)
2026-03-21 17:41:42,104 [INFO]    DODGE: 2,484 вхождений (1.2%)
2026-03-21 17:41:42,104 [INFO]    BUS: 1,458 вхождений (0.7%)
2026-03-21 17:41:42,104 [INFO] 
📊 ДОМИНИРУЮЩИЕ БРЕНДЫ (по одному на SKU):
2026-03-21 17:41:42,107 [INFO]    TOYOTA: 24,563 SKU (13.9%)
2026-03-21 17:41:42,108 [INFO]    UNIVERSAL: 19,809 SKU (11.2%)
2026-03-21 17:41:42,108 [INFO]    NISSAN: 14,353 SKU (8.1%)
2026-03-21 17:41:42,108 [INFO]    HYUNDAI: 11,684 SKU (6.6%)
2026-03-21 17:41:42,108 [INFO]    VOLKSWAGEN: 9,049 SKU (5.1%)
2026-03-21 17:41:42,108 [INFO]    HONDA: 8,056 SKU (4.6%)
2026-03-21 17:41:42,108 [INFO]    FORD: 7,709 SKU (4.4%)
2026-03-21 17:41:42,108 [INFO]    AUDI: 7,591 SKU (4.3%)
2026-03-21 17:41:42,108 [INFO]    BMW: 6,965 SKU (4.0%)
2026-03-21 17:41:42,108 [INFO]    MITSUBISHI: 6,279 SKU (3.6%)
2026-03-21 17:41:42,108 [INFO]    MERCEDES: 5,957 SKU (3.4%)
2026-03-21 17:41:42,108 [INFO]    MAZDA: 5,726 SKU (3.3%)
2026-03-21 17:41:42,108 [INFO]    LADA: 4,922 SKU (2.8%)
2026-03-21 17:41:42,108 [INFO]    CHEVROLET: 4,069 SKU (2.3%)
2026-03-21 17:41:42,108 [INFO]    RENAULT: 4,002 SKU (2.3%)
2026-03-21 17:41:42,108 [INFO]    OPEL: 3,918 SKU (2.2%)
2026-03-21 17:41:42,108 [INFO]    CITROEN: 3,481 SKU (2.0%)
2026-03-21 17:41:42,109 [INFO]    KIA: 3,244 SKU (1.8%)
2026-03-21 17:41:42,109 [INFO]    SUZUKI: 3,199 SKU (1.8%)
2026-03-21 17:41:42,109 [INFO]    VOLVO: 2,940 SKU (1.7%)
2026-03-21 17:41:42,109 [INFO]    DAEWOO: 2,767 SKU (1.6%)
2026-03-21 17:41:42,109 [INFO]    SUBARU: 2,589 SKU (1.5%)
2026-03-21 17:41:42,109 [INFO]    FIAT: 2,357 SKU (1.3%)
2026-03-21 17:41:42,109 [INFO]    DODGE: 1,277 SKU (0.7%)
2026-03-21 17:41:42,109 [INFO]    PEUGEOT: 1,134 SKU (0.6%)
2026-03-21 17:41:42,109 [INFO] 
💾 Обновление колонок в skus...
2026-03-21 17:41:42,121 [INFO] ✅ Колонки добавлены/проверены
2026-03-21 17:41:42,122 [INFO] 
🔄 Обновление данных в skus (пакетно)...
2026-03-21 17:48:27,968 [INFO]    Обработано: 25,000 / 176,145
2026-03-21 17:55:16,350 [INFO]    Обработано: 50,000 / 176,145
2026-03-21 18:02:02,173 [INFO]    Обработано: 75,000 / 176,145
2026-03-21 18:08:13,597 [INFO]    Обработано: 100,000 / 176,145
2026-03-21 18:14:18,295 [INFO]    Обработано: 125,000 / 176,145
2026-03-21 18:20:42,733 [INFO]    Обработано: 150,000 / 176,145
2026-03-21 18:27:26,755 [INFO]    Обработано: 175,000 / 176,145
2026-03-21 18:27:45,710 [INFO] 
✅ Обновлено записей: 176,145
2026-03-21 18:27:45,710 [INFO] 
======================================================================
2026-03-21 18:27:45,712 [INFO] ИТОГИ ДЕТАЛЬНОГО АНАЛИЗА ПРИМЕНЯЕМОСТИ
2026-03-21 18:27:45,712 [INFO] ======================================================================
2026-03-21 18:27:45,758 [INFO] 
📊 Топ специализаций (с средним кол-вом записей):
2026-03-21 18:27:45,758 [INFO]    TOYOTA: 24,563 SKU, ср. 4.5 записей/ячейку
2026-03-21 18:27:45,758 [INFO]    UNIVERSAL: 19,809 SKU, ср. 2.7 записей/ячейку
2026-03-21 18:27:45,759 [INFO]    NISSAN: 14,353 SKU, ср. 3.9 записей/ячейку
2026-03-21 18:27:45,759 [INFO]    HYUNDAI: 11,684 SKU, ср. 3.9 записей/ячейку
2026-03-21 18:27:45,759 [INFO]    VOLKSWAGEN: 9,049 SKU, ср. 4.3 записей/ячейку
2026-03-21 18:27:45,759 [INFO]    HONDA: 8,056 SKU, ср. 3.6 записей/ячейку
2026-03-21 18:27:45,760 [INFO]    FORD: 7,709 SKU, ср. 4.1 записей/ячейку
2026-03-21 18:27:45,760 [INFO]    AUDI: 7,591 SKU, ср. 6.9 записей/ячейку
2026-03-21 18:27:45,760 [INFO]    BMW: 6,965 SKU, ср. 4.4 записей/ячейку
2026-03-21 18:27:45,760 [INFO]    MITSUBISHI: 6,279 SKU, ср. 3.7 записей/ячейку
2026-03-21 18:27:45,760 [INFO]    MERCEDES: 5,957 SKU, ср. 3.4 записей/ячейку
2026-03-21 18:27:45,760 [INFO]    MAZDA: 5,726 SKU, ср. 3.4 записей/ячейку
2026-03-21 18:27:45,761 [INFO]    LADA: 4,922 SKU, ср. 3.3 записей/ячейку
2026-03-21 18:27:45,761 [INFO]    CHEVROLET: 4,069 SKU, ср. 3.4 записей/ячейку
2026-03-21 18:27:45,761 [INFO]    RENAULT: 4,002 SKU, ср. 3.8 записей/ячейку
2026-03-21 18:27:45,761 [INFO]    OPEL: 3,918 SKU, ср. 3.6 записей/ячейку
2026-03-21 18:27:45,761 [INFO]    CITROEN: 3,481 SKU, ср. 5.5 записей/ячейку
2026-03-21 18:27:45,761 [INFO]    KIA: 3,244 SKU, ср. 2.0 записей/ячейку
2026-03-21 18:27:45,761 [INFO]    SUZUKI: 3,199 SKU, ср. 3.6 записей/ячейку
2026-03-21 18:27:45,761 [INFO]    VOLVO: 2,940 SKU, ср. 5.4 записей/ячейку
2026-03-21 18:27:45,808 [INFO] 
✅ Детальный анализ завершён успешно!
