2026-03-22 19:10:14,240 [INFO] ======================================================================
2026-03-22 19:10:14,241 [INFO] 🔧 ProjectZZZ - ДИАГНОСТИКА FALLBACK v1.1
2026-03-22 19:10:14,241 [INFO] 📅 2026-03-22 19:10:14
2026-03-22 19:10:14,241 [INFO] ======================================================================
2026-03-22 19:10:14,276 [INFO] 
🔍 АНАЛИЗ ПРИЧИН FALLBACK
2026-03-22 19:10:14,276 [INFO] ============================================================
2026-03-22 19:10:14,339 [INFO] 📊 No_new_candidates; No_growing_groups; No_declining_groups; Filled_with:1_SKU:
2026-03-22 19:10:14,339 [INFO]    • Клиентов: 351
2026-03-22 19:10:14,340 [INFO]    • Рекомендаций: 1,785
2026-03-22 19:10:14,340 [INFO]    • Средняя вероятность: 28.4%
2026-03-22 19:10:14,340 [INFO] 
2026-03-22 19:10:14,340 [INFO] 📊 No_new_candidates; No_growing_groups; No_declining_groups; Filled_with:3_SKU:
2026-03-22 19:10:14,341 [INFO]    • Клиентов: 332
2026-03-22 19:10:14,341 [INFO]    • Рекомендаций: 3,650
2026-03-22 19:10:14,341 [INFO]    • Средняя вероятность: 4.0%
2026-03-22 19:10:14,341 [INFO] 
2026-03-22 19:10:14,341 [INFO] 📊 No_new_candidates; No_growing_groups; No_declining_groups; Filled_with:0_SKU:
2026-03-22 19:10:14,341 [INFO]    • Клиентов: 222
2026-03-22 19:10:14,341 [INFO]    • Рекомендаций: 861
2026-03-22 19:10:14,341 [INFO]    • Средняя вероятность: 13.8%
2026-03-22 19:10:14,341 [INFO] 
2026-03-22 19:10:14,341 [INFO] 📊 No_new_candidates; No_growing_groups; No_declining_groups; Filled_with:2_SKU:
2026-03-22 19:10:14,341 [INFO]    • Клиентов: 202
2026-03-22 19:10:14,342 [INFO]    • Рекомендаций: 2,092
2026-03-22 19:10:14,342 [INFO]    • Средняя вероятность: 23.2%
2026-03-22 19:10:14,342 [INFO] 
2026-03-22 19:10:14,342 [INFO] 📊 No_new_candidates; No_growing_groups; No_declining_groups; Filled_with:4_SKU:
2026-03-22 19:10:14,342 [INFO]    • Клиентов: 20
2026-03-22 19:10:14,342 [INFO]    • Рекомендаций: 275
2026-03-22 19:10:14,342 [INFO]    • Средняя вероятность: 12.9%
2026-03-22 19:10:14,342 [INFO] 
2026-03-22 19:10:14,342 [INFO] 📊 No_new_candidates; No_growing_groups; No_declining_groups:
2026-03-22 19:10:14,342 [INFO]    • Клиентов: 3
2026-03-22 19:10:14,342 [INFO]    • Рекомендаций: 15
2026-03-22 19:10:14,342 [INFO]    • Средняя вероятность: 15.4%
2026-03-22 19:10:14,342 [INFO] 
2026-03-22 19:10:14,343 [INFO] 
🔍 АНАЛИЗ ДОСТУПНОСТИ КАНДИДАТОВ
2026-03-22 19:10:14,343 [INFO] ============================================================
2026-03-22 19:10:25,673 [INFO] 📦 1-4 кандидата:
2026-03-22 19:10:25,673 [INFO]    • Клиентов: 332
2026-03-22 19:10:25,675 [INFO]    • Ср. кандидатов: 1.8
2026-03-22 19:10:25,675 [INFO]    • Ср. новых: 0.0
2026-03-22 19:10:25,675 [INFO]    • Ср. развитие: 0.0
2026-03-22 19:10:25,675 [INFO]    • Ср. возврат: 0.0
2026-03-22 19:10:25,676 [INFO] 
2026-03-22 19:10:25,676 [INFO] 📦 5-9 кандидатов:
2026-03-22 19:10:25,677 [INFO]    • Клиентов: 49
2026-03-22 19:10:25,678 [INFO]    • Ср. кандидатов: 6.1
2026-03-22 19:10:25,679 [INFO]    • Ср. новых: 0.0
2026-03-22 19:10:25,679 [INFO]    • Ср. развитие: 0.0
2026-03-22 19:10:25,679 [INFO]    • Ср. возврат: 0.0
2026-03-22 19:10:25,679 [INFO] 
2026-03-22 19:10:25,681 [INFO] 📦 10-19 кандидатов:
2026-03-22 19:10:25,681 [INFO]    • Клиентов: 17
2026-03-22 19:10:25,681 [INFO]    • Ср. кандидатов: 12.0
2026-03-22 19:10:25,682 [INFO]    • Ср. новых: 0.0
2026-03-22 19:10:25,682 [INFO]    • Ср. развитие: 0.0
2026-03-22 19:10:25,682 [INFO]    • Ср. возврат: 0.0
2026-03-22 19:10:25,683 [INFO] 
2026-03-22 19:10:25,683 [INFO] 📦 20+ кандидатов:
2026-03-22 19:10:25,683 [INFO]    • Клиентов: 4
2026-03-22 19:10:25,683 [INFO]    • Ср. кандидатов: 27.0
2026-03-22 19:10:25,683 [INFO]    • Ср. новых: 0.0
2026-03-22 19:10:25,684 [INFO]    • Ср. развитие: 0.0
2026-03-22 19:10:25,684 [INFO]    • Ср. возврат: 0.0
2026-03-22 19:10:25,684 [INFO] 
2026-03-22 19:10:25,684 [INFO] 
🔍 АНАЛИЗ РАСПРЕДЕЛЕНИЯ ВЕРОЯТНОСТЕЙ
2026-03-22 19:10:25,686 [INFO] ============================================================
2026-03-22 19:10:25,695 [INFO] 🎯 < 10%:
2026-03-22 19:10:25,695 [INFO]    • Всего: 5,312 (100.0%)
2026-03-22 19:10:25,695 [INFO]    • New: 0 (0.0%)
2026-03-22 19:10:25,695 [INFO]    • Develop: 0 (0.0%)
2026-03-22 19:10:25,696 [INFO]    • Retain: 0 (0.0%)
2026-03-22 19:10:25,696 [INFO] 
2026-03-22 19:10:25,696 [INFO] 🎯 >= 80%:
2026-03-22 19:10:25,697 [INFO]    • Всего: 68 (100.0%)
2026-03-22 19:10:25,697 [INFO]    • New: 0 (0.0%)
2026-03-22 19:10:25,697 [INFO]    • Develop: 0 (0.0%)
2026-03-22 19:10:25,697 [INFO]    • Retain: 0 (0.0%)
2026-03-22 19:10:25,697 [INFO] 
2026-03-22 19:10:25,698 [INFO] 🎯 10-20%:
2026-03-22 19:10:25,698 [INFO]    • Всего: 728 (100.0%)
2026-03-22 19:10:25,698 [INFO]    • New: 0 (0.0%)
2026-03-22 19:10:25,698 [INFO]    • Develop: 0 (0.0%)
2026-03-22 19:10:25,698 [INFO]    • Retain: 0 (0.0%)
2026-03-22 19:10:25,698 [INFO] 
2026-03-22 19:10:25,698 [INFO] 🎯 20-30%:
2026-03-22 19:10:25,698 [INFO]    • Всего: 480 (100.0%)
2026-03-22 19:10:25,698 [INFO]    • New: 0 (0.0%)
2026-03-22 19:10:25,699 [INFO]    • Develop: 0 (0.0%)
2026-03-22 19:10:25,699 [INFO]    • Retain: 0 (0.0%)
2026-03-22 19:10:25,699 [INFO] 
2026-03-22 19:10:25,699 [INFO] 🎯 30-40%:
2026-03-22 19:10:25,699 [INFO]    • Всего: 796 (100.0%)
2026-03-22 19:10:25,700 [INFO]    • New: 0 (0.0%)
2026-03-22 19:10:25,700 [INFO]    • Develop: 0 (0.0%)
2026-03-22 19:10:25,700 [INFO]    • Retain: 0 (0.0%)
2026-03-22 19:10:25,700 [INFO] 
2026-03-22 19:10:25,701 [INFO] 🎯 40-50%:
2026-03-22 19:10:25,701 [INFO]    • Всего: 896 (100.0%)
2026-03-22 19:10:25,701 [INFO]    • New: 0 (0.0%)
2026-03-22 19:10:25,701 [INFO]    • Develop: 0 (0.0%)
2026-03-22 19:10:25,701 [INFO]    • Retain: 0 (0.0%)
2026-03-22 19:10:25,702 [INFO] 
2026-03-22 19:10:25,702 [INFO] 🎯 50-60%:
2026-03-22 19:10:25,702 [INFO]    • Всего: 164 (100.0%)
2026-03-22 19:10:25,703 [INFO]    • New: 0 (0.0%)
2026-03-22 19:10:25,710 [INFO]    • Develop: 0 (0.0%)
2026-03-22 19:10:25,711 [INFO]    • Retain: 0 (0.0%)
2026-03-22 19:10:25,711 [INFO] 
2026-03-22 19:10:25,712 [INFO] 🎯 60-70%:
2026-03-22 19:10:25,713 [INFO]    • Всего: 125 (100.0%)
2026-03-22 19:10:25,713 [INFO]    • New: 0 (0.0%)
2026-03-22 19:10:25,714 [INFO]    • Develop: 0 (0.0%)
2026-03-22 19:10:25,714 [INFO]    • Retain: 0 (0.0%)
2026-03-22 19:10:25,714 [INFO] 
2026-03-22 19:10:25,715 [INFO] 🎯 70-80%:
2026-03-22 19:10:25,715 [INFO]    • Всего: 109 (100.0%)
2026-03-22 19:10:25,716 [INFO]    • New: 0 (0.0%)
2026-03-22 19:10:25,716 [INFO]    • Develop: 0 (0.0%)
2026-03-22 19:10:25,717 [INFO]    • Retain: 0 (0.0%)
2026-03-22 19:10:25,717 [INFO] 
2026-03-22 19:10:25,718 [INFO] 
======================================================================
2026-03-22 19:10:25,718 [INFO] ✅ ДИАГНОСТИКА ЗАВЕРШЕНА
2026-03-22 19:10:25,719 [INFO] ======================================================================
