2026-03-24 02:28:17,158 [INFO] ======================================================================
2026-03-24 02:28:17,158 [INFO] ProjectZZZ - Диагностика Базы Данных
2026-03-24 02:28:17,160 [INFO] Дата: 2026-03-24 02:28:17
2026-03-24 02:28:17,160 [INFO] ======================================================================
2026-03-24 02:28:17,226 [INFO] ✅ Подключение к БД: project_zzz_db
2026-03-24 02:28:17,227 [INFO] 
======================================================================
2026-03-24 02:28:17,227 [INFO] ТАБЛИЦА: CLIENTS
2026-03-24 02:28:17,228 [INFO] ======================================================================
2026-03-24 02:28:17,369 [INFO] ✅ Таблица существует
2026-03-24 02:28:17,384 [INFO] 
📋 ВСЕ КОЛОНКИ (10):
2026-03-24 02:28:17,384 [INFO]    • client_id                      text            NULL
2026-03-24 02:28:17,385 [INFO]    • client_name                    text            NULL
2026-03-24 02:28:17,385 [INFO]    • manager_id                     text            NULL
2026-03-24 02:28:17,385 [INFO]    • branch                         text            NULL
2026-03-24 02:28:17,385 [INFO]    • sales_channel                  text            NULL
2026-03-24 02:28:17,385 [INFO]    • network_name                   text            NULL
2026-03-24 02:28:17,386 [INFO]    • map_oil_autochem               text            NULL
2026-03-24 02:28:17,386 [INFO]    • source_file                    text            NULL
2026-03-24 02:28:17,386 [INFO]    • segment                        text            NULL
2026-03-24 02:28:17,386 [INFO]    • metadata                       jsonb           NULL
2026-03-24 02:28:17,387 [INFO] 
✅ ВСЕ REQUIRED КОЛОНКИ НА МЕСТЕ
2026-03-24 02:28:17,387 [INFO] 
✅ ВСЕ OPTIONAL КОЛОНКИ НА МЕСТЕ
2026-03-24 02:28:17,394 [INFO] 
📊 КОЛИЧЕСТВО ЗАПИСЕЙ: 488
2026-03-24 02:28:17,394 [INFO] 
📄 ПРИМЕР ДАННЫХ (первые 3 строки):
2026-03-24 02:28:17,395 [INFO]    client_id | client_name | manager_id | branch | sales_channel | network_name | map_oil_autochem | source_file | segment | metadata
2026-03-24 02:28:17,395 [INFO]    ----------------------------------------------------------------------------------------------------------------------------------
2026-03-24 02:28:17,396 [INFO]    ОТ0081283 | Поправкин И.В. ИП (Б | Отдел операций Братс | Братск | Стол заказов | NULL | Маковецкий Юрий А. | Справочник КА 25.xls | NULL | NULL
2026-03-24 02:28:17,396 [INFO]    ОТ0081463 | Розничный покупатель | Отдел операций Братс | Братск | Физ.лицо (Магазин) | NULL | Маковецкий Юрий А. | Справочник КА 25.xls | NULL | NULL
2026-03-24 02:28:17,396 [INFO]    ОТ0081477 | ЕКИМ ООО (Братск) (E | Зарубин Александр Вл | Братск | СТО+Магазин | NULL | Маковецкий Юрий А. | Справочник КА 25.xls | NULL | NULL
2026-03-24 02:28:17,396 [INFO] 
======================================================================
2026-03-24 02:28:17,396 [INFO] ТАБЛИЦА: SKUS
2026-03-24 02:28:17,397 [INFO] ======================================================================
2026-03-24 02:28:17,398 [INFO] ✅ Таблица существует
2026-03-24 02:28:17,402 [INFO] 
📋 ВСЕ КОЛОНКИ (19):
2026-03-24 02:28:17,402 [INFO]    • sku_id                         text            NULL
2026-03-24 02:28:17,402 [INFO]    • brand                          text            NULL
2026-03-24 02:28:17,403 [INFO]    • sku_name                       text            NULL
2026-03-24 02:28:17,403 [INFO]    • Артикул                        text            NULL
2026-03-24 02:28:17,403 [INFO]    • applicability                  text            NULL
2026-03-24 02:28:17,403 [INFO]    • product_group                  text            NULL
2026-03-24 02:28:17,403 [INFO]    • financial_group                text            NULL
2026-03-24 02:28:17,404 [INFO]    • marketing_group1               text            NULL
2026-03-24 02:28:17,404 [INFO]    • marketing_group2               text            NULL
2026-03-24 02:28:17,404 [INFO]    • source_file                    text            NULL
2026-03-24 02:28:17,404 [INFO]    • stock                          integer         NULL
2026-03-24 02:28:17,404 [INFO]    • margin                         numeric         NULL
2026-03-24 02:28:17,404 [INFO]    • price                          numeric         NULL
2026-03-24 02:28:17,404 [INFO]    • category                       text            NULL
2026-03-24 02:28:17,404 [INFO]    • group_id                       text            NULL
2026-03-24 02:28:17,404 [INFO]    • is_new                         text            NULL
2026-03-24 02:28:17,405 [INFO]    • applicable_brands              ARRAY           NULL
2026-03-24 02:28:17,405 [INFO]    • brand_specialization           text            NULL
2026-03-24 02:28:17,405 [INFO]    • applicability_entry_count      integer         NULL
2026-03-24 02:28:17,405 [INFO] 
✅ ВСЕ REQUIRED КОЛОНКИ НА МЕСТЕ
2026-03-24 02:28:17,405 [WARNING] 
⚠️ ОТСУТСТВУЮТ OPTIONAL КОЛОНКИ (1):
2026-03-24 02:28:17,405 [WARNING]       - article
2026-03-24 02:28:17,463 [INFO] 
📊 КОЛИЧЕСТВО ЗАПИСЕЙ: 199,485
2026-03-24 02:28:17,464 [INFO] 
📄 ПРИМЕР ДАННЫХ (первые 3 строки):
2026-03-24 02:28:17,493 [INFO]    sku_id | brand | sku_name | Артикул  | applicability | product_group | financial_group | marketing_group1 | marketing_group2 | source_file | stock | margin | price | category | group_id | is_new | applicable_brands | brand_specialization | applicability_entry_
2026-03-24 02:28:17,493 [INFO]    --------------------------------------------------------------------------------------------------------------------------------------------------------------------------------------------------------------------------------------------------------------------
2026-03-24 02:28:17,494 [INFO]    NSII0014420941 | Nissan | 01555-01181 Хомут/cl | 0155501181 | NULL | Nissan | Я_ОES | NULL | Разное | Справочник номенклат | 0 | 0.2500 | NULL | NULL | NULL | NULL | NULL | NULL | NULL
2026-03-24 02:28:17,494 [INFO]    NSIN0001349472 | BMW | 11 61 1 437 560 Колп | 11611437560 | NULL | BMW | Я_ОES | NULL | Разное | Справочник номенклат | 0 | 0.2500 | NULL | NULL | NULL | NULL | NULL | NULL | NULL
2026-03-24 02:28:17,494 [INFO]    NSII0014422068 | Nissan | 11720-1LA0B Ремень N | 117201LA0B | NULL | Nissan | Я_ОES | Ремни | Ремни поликлиновые | Справочник номенклат | 0 | 0.2500 | NULL | NULL | NULL | NULL | NULL | NULL | NULL
2026-03-24 02:28:17,494 [INFO] 
======================================================================
2026-03-24 02:28:17,494 [INFO] ТАБЛИЦА: MINMAX_NORMS
2026-03-24 02:28:17,495 [INFO] ======================================================================
2026-03-24 02:28:17,496 [INFO] ✅ Таблица существует
2026-03-24 02:28:17,498 [INFO] 
📋 ВСЕ КОЛОНКИ (16):
2026-03-24 02:28:17,498 [INFO]    • sku_id                         text            NULL
2026-03-24 02:28:17,499 [INFO]    • brand                          text            NULL
2026-03-24 02:28:17,499 [INFO]    • article                        text            NULL
2026-03-24 02:28:17,499 [INFO]    • sku_name                       text            NULL
2026-03-24 02:28:17,499 [INFO]    • warehouse_code                 text            NULL
2026-03-24 02:28:17,499 [INFO]    • max_norm                       bigint          NULL
2026-03-24 02:28:17,500 [INFO]    • marketing_group                text            NULL
2026-03-24 02:28:17,500 [INFO]    • deals_180d                     double precision NULL
2026-03-24 02:28:17,500 [INFO]    • sold_180d                      double precision NULL
2026-03-24 02:28:17,500 [INFO]    • paired_item                    text            NULL
2026-03-24 02:28:17,500 [INFO]    • is_kit                         text            NULL
2026-03-24 02:28:17,500 [INFO]    • replacement_set                text            NULL
2026-03-24 02:28:17,501 [INFO]    • replacement_set_code           text            NULL
2026-03-24 02:28:17,501 [INFO]    • analog_set                     text            NULL
2026-03-24 02:28:17,501 [INFO]    • analog_set_code                text            NULL
2026-03-24 02:28:17,501 [INFO]    • source_file                    text            NULL
2026-03-24 02:28:17,501 [INFO] 
✅ ВСЕ REQUIRED КОЛОНКИ НА МЕСТЕ
2026-03-24 02:28:17,502 [INFO] 
✅ ВСЕ OPTIONAL КОЛОНКИ НА МЕСТЕ
2026-03-24 02:28:17,630 [INFO] 
📊 КОЛИЧЕСТВО ЗАПИСЕЙ: 67,885
2026-03-24 02:28:17,630 [INFO] 
📄 ПРИМЕР ДАННЫХ (первые 3 строки):
2026-03-24 02:28:17,632 [INFO]    sku_id | brand | article | sku_name | warehouse_code | max_norm | marketing_group | deals_180d | sold_180d | paired_item | is_kit | replacement_set | replacement_set_code | analog_set | analog_set_code | source_file
2026-03-24 02:28:17,633 [INFO]    -----------------------------------------------------------------------------------------------------------------------------------------------------------------------------------------------------------------------
2026-03-24 02:28:17,633 [INFO]    NSII0025060967 | SUFIX | ST1190 | ST-1190 ШРУС наружны | СКЛ006045 | 1 | ШРУСы внешние | 1.0 | 1.0 | NULL | NULL | NULL | NULL | Ю-ANALOG022219 | Ю-ANALOG022219 | Мин-макс расш. 25.11
2026-03-24 02:28:17,633 [INFO]    NSII0025060967 | SUFIX | ST1190 | ST-1190 ШРУС наружны | СКЛ001454 | 2 | ШРУСы внешние | 0.0 | 0.0 | NULL | NULL | NULL | NULL | Ю-ANALOG022219 | Ю-ANALOG022219 | Мин-макс расш. 25.11
2026-03-24 02:28:17,633 [INFO]    NSII0025060967 | SUFIX | ST1190 | ST-1190 ШРУС наружны | СКЛ000460 | 1 | ШРУСы внешние | 1.0 | 1.0 | NULL | NULL | NULL | NULL | Ю-ANALOG022219 | Ю-ANALOG022219 | Мин-макс расш. 25.11
2026-03-24 02:28:17,633 [INFO] 
======================================================================
2026-03-24 02:28:17,633 [INFO] ТАБЛИЦА: PURCHASES
2026-03-24 02:28:17,633 [INFO] ======================================================================
2026-03-24 02:28:17,634 [INFO] ✅ Таблица существует
2026-03-24 02:28:17,639 [INFO] 
📋 ВСЕ КОЛОНКИ (12):
2026-03-24 02:28:17,639 [INFO]    • id                             integer         NOT NULL
2026-03-24 02:28:17,639 [INFO]    • client_id                      text            NOT NULL
2026-03-24 02:28:17,639 [INFO]    • client_name                    text            NULL
2026-03-24 02:28:17,639 [INFO]    • sku_id                         text            NOT NULL
2026-03-24 02:28:17,640 [INFO]    • purchase_date                  date            NULL
2026-03-24 02:28:17,640 [INFO]    • quantity                       integer         NULL
2026-03-24 02:28:17,640 [INFO]    • amount                         numeric         NULL
2026-03-24 02:28:17,640 [INFO]    • price                          numeric         NULL
2026-03-24 02:28:17,640 [INFO]    • warehouse                      text            NULL
2026-03-24 02:28:17,640 [INFO]    • quarter                        character varying NULL
2026-03-24 02:28:17,641 [INFO]    • source_file                    text            NULL
2026-03-24 02:28:17,641 [INFO]    • created_at                     timestamp without time zone NULL
2026-03-24 02:28:17,641 [INFO] 
✅ ВСЕ REQUIRED КОЛОНКИ НА МЕСТЕ
2026-03-24 02:28:17,641 [WARNING] 
⚠️ ОТСУТСТВУЮТ OPTIONAL КОЛОНКИ (3):
2026-03-24 02:28:17,641 [WARNING]       - brand
2026-03-24 02:28:17,641 [WARNING]       - product_group
2026-03-24 02:28:17,642 [WARNING]       - marketing_group
2026-03-24 02:28:18,010 [INFO] 
📊 КОЛИЧЕСТВО ЗАПИСЕЙ: 1,236,730
2026-03-24 02:28:18,010 [INFO] 
📄 ПРИМЕР ДАННЫХ (первые 3 строки):
2026-03-24 02:28:18,015 [INFO]    id | client_id | client_name | sku_id | purchase_date | quantity | amount | price | warehouse | quarter | source_file | created_at
2026-03-24 02:28:18,015 [INFO]    ----------------------------------------------------------------------------------------------------------------------------------
2026-03-24 02:28:18,016 [INFO]    1 | ОТ585935 | !Розница Братск Инте | NSII0000124166 | 2024-03-08 | 15 | 1030.50 | 68.70 | Братск_СИ | 2024-Q1 | Отгрузки КА по дням  | 2026-03-20 23:25:14.
2026-03-24 02:28:18,016 [INFO]    2 | ОТ585935 | !Розница Братск Инте | NSII0004514383 | 2024-03-18 | 2 | 2512.62 | 1256.31 | Братск_СИ | 2024-Q1 | Отгрузки КА по дням  | 2026-03-20 23:25:14.
2026-03-24 02:28:18,016 [INFO]    3 | ОТ585935 | !Розница Братск Инте | NSII0006734712 | 2024-03-26 | 1 | 1745.17 | 1745.17 | Братск_СИ | 2024-Q1 | Отгрузки КА по дням  | 2026-03-20 23:25:14.
2026-03-24 02:28:18,016 [INFO] 
======================================================================
2026-03-24 02:28:18,016 [INFO] ИТОГОВЫЙ ОТЧЕТ
2026-03-24 02:28:18,017 [INFO] ======================================================================
2026-03-24 02:28:18,017 [INFO] 
📊 СТАТУС ТАБЛИЦ:
2026-03-24 02:28:18,017 [INFO]    ✅ clients                       488 записей
2026-03-24 02:28:18,017 [INFO]    ✅ skus                      199,485 записей
2026-03-24 02:28:18,017 [INFO]    ✅ minmax_norms               67,885 записей
2026-03-24 02:28:18,017 [INFO]    ✅ purchases               1,236,730 записей
2026-03-24 02:28:18,017 [INFO] 
❌ КРИТИЧЕСКИЕ ПРОБЛЕМЫ (missing REQUIRED):
2026-03-24 02:28:18,018 [INFO]    ✅ Нет критических проблем
2026-03-24 02:28:18,018 [INFO] 
⚠️ РЕКОМЕНДУЕМЫЕ ДОБАВЛЕНИЯ (missing OPTIONAL):
2026-03-24 02:28:18,018 [WARNING]    • skus.article
2026-03-24 02:28:18,018 [WARNING]    • purchases.brand
2026-03-24 02:28:18,018 [WARNING]    • purchases.product_group
2026-03-24 02:28:18,018 [WARNING]    • purchases.marketing_group
2026-03-24 02:28:18,018 [INFO] 
======================================================================
2026-03-24 02:28:18,019 [INFO] SQL СКРИПТ ДЛЯ МИГРАЦИИ
2026-03-24 02:28:18,019 [INFO] ======================================================================
2026-03-24 02:28:18,019 [INFO] 
-- Скопируйте этот скрипт и выполните в pgAdmin:
2026-03-24 02:28:18,019 [INFO] -- Файл: D:\ProjectZZZ\config\sql\add_missing_columns.sql

2026-03-24 02:28:18,019 [INFO] 
-- ============================================================================
-- ДОБАВЛЕНИЕ КОЛОНОК В SKUS
-- ============================================================================
ALTER TABLE skus ADD COLUMN IF NOT EXISTS article TEXT;
2026-03-24 02:28:18,019 [INFO] 
-- ============================================================================
-- ДОБАВЛЕНИЕ КОЛОНОК В PURCHASES
-- ============================================================================
ALTER TABLE purchases ADD COLUMN IF NOT EXISTS brand TEXT;
ALTER TABLE purchases ADD COLUMN IF NOT EXISTS product_group TEXT;
ALTER TABLE purchases ADD COLUMN IF NOT EXISTS marketing_group TEXT;
2026-03-24 02:28:18,024 [INFO] 
💾 SQL скрипт сохранён: D:\ProjectZZZ\docs\logs\add_missing_columns.sql
2026-03-24 02:28:18,025 [INFO] 
======================================================================
2026-03-24 02:28:18,025 [INFO] ДИАГНОСТИКА ЗАВЕРШЕНА
2026-03-24 02:28:18,025 [INFO] ======================================================================
