2026-03-21 21:04:39,210 [INFO] ======================================================================
2026-03-21 21:04:39,210 [INFO] 🚀 ProjectZZZ - Обогащение продаж (sales_enriched)
2026-03-21 21:04:39,210 [INFO] 📅 2026-03-21 21:04:39
2026-03-21 21:04:39,211 [INFO] ======================================================================
2026-03-21 21:04:39,242 [INFO] ✅ Подключение к БД: project_zzz_db
2026-03-21 21:04:39,242 [INFO] 
======================================================================
2026-03-21 21:04:39,243 [INFO] СОЗДАНИЕ ТАБЛИЦЫ sales_enriched
2026-03-21 21:04:39,243 [INFO] ======================================================================
2026-03-21 21:04:39,270 [INFO] ✅ Таблица sales_enriched уже существует
2026-03-21 21:04:39,405 [INFO]    📊 Записей в таблице: 200,000
2026-03-21 21:04:39,405 [INFO] 
📑 Создание индексов...
2026-03-21 21:04:39,416 [INFO] ✅ Индексы созданы
2026-03-21 21:04:39,416 [INFO] 
======================================================================
2026-03-21 21:04:39,416 [INFO] ОБОГАЩЕНИЕ ДАННЫХ ИЗ PURCHASES
2026-03-21 21:04:39,416 [INFO] ======================================================================
2026-03-21 21:04:39,420 [INFO] 📋 Все колонки в skus: ['sku_id', 'brand', 'sku_name', 'Артикул ', 'applicability', 'product_group', 'financial_group', 'marketing_group1', 'marketing_group2', 'source_file', 'stock', 'margin', 'price', 'category', 'group_id', 'is_new']
2026-03-21 21:04:39,422 [INFO] ✅ Маппинг колонок skus: {'sku_id': 'sku_id', 'brand': 'brand', 'sku_name': 'sku_name', 'article': 'Артикул ', 'applicability': 'applicability', 'product_group': 'product_group', 'financial_group': 'financial_group', 'marketing_group1': 'marketing_group1', 'marketing_group2': 'marketing_group2', 'category': 'category', 'margin': 'margin', 'stock': 'stock', 'is_new': 'is_new'}
2026-03-21 21:04:39,465 [INFO] 📊 Записей в purchases: 1,236,730
2026-03-21 21:04:39,493 [INFO] 📊 Записей в sales_enriched: 200,000
2026-03-21 21:04:39,494 [INFO] 🔄 Нужно обогатить: 1,036,730 записей
2026-03-21 21:04:39,494 [INFO] 
💾 Запуск обогащения (JOIN с справочниками)...
2026-03-21 21:04:39,494 [INFO] 🔍 SQL-запрос (первые 500 символов):

        INSERT INTO sales_enriched (
            purchase_id, client_id, sku_id, purchase_date, warehouse,
            quantity, amount, price,
            brand, product_group, marketing_group, marketing_group2,
            category, margin, stock, is_new, article, applicability,
            applicable_brands, brand_specialization,
            client_name, client_segment, sales_channel, network_name, manager_id,
            warehouse_code, max_norm, paired_item, is_kit, replacement_set, analog...
2026-03-21 21:04:42,423 [INFO] ✅ Обогащено записей: 50,000
2026-03-21 21:04:42,424 [INFO] ⏱️ Время выполнения: 2.9 сек
2026-03-21 21:04:42,424 [INFO] 
======================================================================
2026-03-21 21:04:42,425 [INFO] РАСЧЁТ ДИНАМИЧЕСКИХ ПРИЗНАКОВ
2026-03-21 21:04:42,425 [INFO] ======================================================================
2026-03-21 21:04:42,425 [INFO] 
📊 Расчёт days_since_last_purchase...
2026-03-21 21:04:53,909 [INFO]    ✅ days_since_last_purchase рассчитан
2026-03-21 21:04:53,909 [INFO] 
📊 Расчёт frequency_30d / frequency_90d...
2026-03-21 21:06:04,714 [INFO]    ✅ frequency_30d / frequency_90d рассчитаны
2026-03-21 21:06:04,715 [INFO] 
📊 Расчёт rolling_sales_2w / 4w / 8w...
2026-03-21 21:06:16,595 [INFO]    ✅ rolling_sales рассчитаны
2026-03-21 21:06:16,595 [INFO] 
⏱️ Общее время расчёта динамических признаков: 94.2 сек
2026-03-21 21:06:16,596 [INFO] 
======================================================================
2026-03-21 21:06:16,596 [INFO] РАСЧЁТ ГРУППОВЫХ ПРИЗНАКОВ
2026-03-21 21:06:16,596 [INFO] ======================================================================
2026-03-21 21:06:16,596 [INFO] 
📊 Расчёт days_since_last_purchase_group...
2026-03-21 21:07:34,171 [INFO]    ✅ days_since_last_purchase_group рассчитан
2026-03-21 21:07:34,171 [INFO] 
📊 Расчёт group_share_in_portfolio...
2026-03-21 21:07:37,368 [INFO]    ✅ group_share_in_portfolio рассчитан
2026-03-21 21:07:37,368 [INFO] 
📊 Расчёт group_trend_6m...
2026-03-21 21:08:47,883 [INFO]    ✅ group_trend_6m рассчитан
2026-03-21 21:08:47,883 [INFO] 
⏱️ Общее время расчёта групповых признаков: 151.3 сек
2026-03-21 21:08:47,884 [INFO] 
======================================================================
2026-03-21 21:08:47,884 [INFO] ПРОВЕРКА КАЧЕСТВА ОБОГАЩЕНИЯ
2026-03-21 21:08:47,884 [INFO] ======================================================================
2026-03-21 21:08:47,930 [INFO] 
📊 ОБЩАЯ СТАТИСТИКА:
2026-03-21 21:08:47,931 [INFO]    Всего записей: 250,000
2026-03-21 21:08:47,931 [INFO]    С брендом: 230,497 (92.2%)
2026-03-21 21:08:47,931 [INFO]    С группой товаров: 230,497 (92.2%)
2026-03-21 21:08:47,931 [INFO]    С маркетинговой группой: 221,894 (88.8%)
2026-03-21 21:08:47,931 [INFO] 
📋 ПРОВЕРКА КРИТИЧЕСКИХ ПРИЗНАКОВ:
2026-03-21 21:08:47,985 [INFO]    ✅ brand: 230,497 (92.2%)
2026-03-21 21:08:48,038 [INFO]    ✅ marketing_group: 221,894 (88.8%)
2026-03-21 21:08:48,079 [INFO]    ✅ stock: 230,497 (92.2%)
2026-03-21 21:08:48,122 [INFO]    ⚠️ margin: 46,362 (18.5%)
2026-03-21 21:08:48,162 [INFO]    ⚠️ days_since_last_purchase: 52,052 (20.8%)
2026-03-21 21:08:48,162 [INFO] 
📄 ПРИМЕР ДАННЫХ:
2026-03-21 21:08:48,163 [INFO]    ОТ0211124 | NSII0019979243 | LYNXauto | Детали тормозной системы | stock=0 | days_since=None
2026-03-21 21:08:48,163 [INFO]    ОТ0090567 | NSIN0017029880 | SUN | Ремни ГРМ | stock=0 | days_since=None
2026-03-21 21:08:48,163 [INFO]    ОТ0225564 | NSII0025538854 | NGN | Масло моторное | stock=0 | days_since=49
2026-03-21 21:08:48,163 [INFO] 
======================================================================
2026-03-21 21:08:48,163 [INFO] 📊 ИТОГИ ОБОГАЩЕНИЯ
2026-03-21 21:08:48,163 [INFO] ======================================================================
2026-03-21 21:08:48,163 [INFO] ✅ Обогащено записей: 50,000
2026-03-21 21:08:48,163 [INFO] ✅ Проверка качества: ТРЕБУЕТ ВНИМАНИЯ
2026-03-21 21:08:48,163 [INFO] ⏱️ Общее время: 249.0 сек
2026-03-21 21:08:48,164 [INFO] ======================================================================
