2026-03-21 23:54:26,860 [INFO] ======================================================================
2026-03-21 23:54:26,860 [INFO] 🚀 ProjectZZZ - ПОЛНОЕ ОБОГАЩЕНИЕ (v2.1 — НОВЫЕ ПРИЗНАКИ + РАСЧЁТ)
2026-03-21 23:54:26,861 [INFO] 📅 2026-03-21 23:54:26
2026-03-21 23:54:26,861 [INFO] ======================================================================
2026-03-21 23:54:26,904 [INFO] ✅ Подключение к БД: project_zzz_db
2026-03-21 23:54:26,904 [INFO] 
======================================================================
2026-03-21 23:54:26,906 [INFO] ПОЛНОЕ ОБОГАЩЕНИЕ ВСЕХ ДАННЫХ (v2.1 — НОВЫЕ ПРИЗНАКИ + РАСЧЁТ)
2026-03-21 23:54:26,906 [INFO] ======================================================================
2026-03-21 23:54:26,985 [INFO] 📋 Реальные колонки в skus: ['applicability', 'applicability_entry_count', 'applicable_brands', 'brand', 'brand_specialization', 'category', 'financial_group', 'group_id', 'is_new', 'margin', 'marketing_group1', 'marketing_group2', 'price', 'product_group', 'sku_id', 'sku_name', 'source_file', 'stock', 'Артикул ']
2026-03-21 23:54:26,985 [INFO] 📋 Реальные колонки в clients: ['branch', 'client_id', 'client_name', 'manager_id', 'map_oil_autochem', 'metadata', 'network_name', 'sales_channel', 'segment', 'source_file']
2026-03-21 23:54:27,083 [INFO] 📊 Записей в purchases: 1,236,730
2026-03-21 23:54:36,605 [INFO] 📊 Уже обогащено: 1,236,730
2026-03-21 23:54:36,605 [INFO] 🔄 Осталось обогатить: 0
2026-03-21 23:54:36,606 [INFO] ✅ Все данные уже обогащены!
2026-03-21 23:54:36,606 [INFO] 
======================================================================
2026-03-21 23:54:36,606 [INFO] ФИНАЛЬНАЯ ПРОВЕРКА ВСЕХ ДАННЫХ
2026-03-21 23:54:36,606 [INFO] ======================================================================
2026-03-21 23:54:37,044 [INFO] 
📊 ОБЩАЯ СТАТИСТИКА:
2026-03-21 23:54:37,044 [INFO]    ✅ Всего записей: 1,236,730
2026-03-21 23:54:37,044 [INFO]    ✅ С брендом: 1,164,786 (94.2%)
2026-03-21 23:54:37,044 [INFO]    ✅ С маркетинговой группой: 1,121,160 (90.7%)
2026-03-21 23:54:37,044 [INFO]    ✅ С days_since: 449,480 (36.3%)
2026-03-21 23:54:37,044 [INFO]    ✅ С global_popularity: 0 (0.0%)
2026-03-21 23:54:37,045 [INFO]    ✅ С portfolio_diversity: 0 (0.0%)
2026-03-21 23:54:37,045 [INFO] 
📄 ПРИМЕР ДАННЫХ:
2026-03-21 23:54:37,048 [INFO]    ОТ0082740 | NSIN0018632076 | LYNXauto | Колодки тормозные | stock=0 | days_since=19 | global_pop=None | portfolio_div=None
2026-03-21 23:54:37,048 [INFO]    ОТ470414 | NSIN0023091018 | LYNXauto | Детали подвески | stock=0 | days_since=54 | global_pop=None | portfolio_div=None
2026-03-21 23:54:37,048 [INFO]    ОТ0167682 | NSII0025538851 | NGN | Масло моторное | stock=0 | days_since=32 | global_pop=None | portfolio_div=None
2026-03-21 23:54:37,048 [INFO]    ОТ0136514 | NSIN0023150683 | LYNXauto | РТИ подвески | stock=0 | days_since=296 | global_pop=None | portfolio_div=None
2026-03-21 23:54:37,048 [INFO]    ОТ0081283 | NSII0025538861 | NGN | Масло моторное | stock=0 | days_since=77 | global_pop=None | portfolio_div=None
2026-03-21 23:54:37,048 [INFO] 
======================================================================
2026-03-21 23:54:37,049 [INFO] 🎉 ОБОГАЩЕНИЕ ЗАВЕРШЕНО!
2026-03-21 23:54:37,049 [INFO] ======================================================================
2026-03-21 23:54:37,049 [INFO] ✅ Всего записей в sales_enriched: 1,236,730
2026-03-21 23:54:37,049 [INFO] ⏱️ Общее время: 10.2 сек (0.00 ч)
2026-03-21 23:54:37,049 [INFO] ======================================================================
