2026-03-24 17:46:03,022 [INFO] ======================================================================
2026-03-24 17:46:03,024 [INFO] 🎯 ProjectZZZ - ГЕНЕРАЦИЯ РЕКОМЕНДАЦИЙ v7.0
2026-03-24 17:46:03,025 [INFO] 📅 2026-03-24 17:46:03
2026-03-24 17:46:03,026 [INFO] ======================================================================
2026-03-24 17:46:03,143 [INFO] ✅ Подключение к БД: project_zzz_db
2026-03-24 17:46:03,144 [INFO] 
📦 Загрузка активной модели...
2026-03-24 17:46:03,146 [INFO]    ✅ Активная модель: model_lightgbm_v1
2026-03-24 17:46:03,155 [INFO]    ✅ Энкодеры загружены: encoders_lightgbm_v1_20260324_004510.pkl
2026-03-24 17:46:03,185 [INFO]    ✅ Модель загружена: model_lightgbm_v1_20260324_004510.pkl
2026-03-24 17:46:03,185 [INFO]    ✅ Признаков: 15
2026-03-24 17:46:03,308 [INFO]    ✅ Калибратор загружен: D:\ProjectZZZ\models\calibrator_lightgbm_v1_20260324_004510.pkl
2026-03-24 17:46:03,309 [INFO] 
👥 Получение клиентов на визит...
2026-03-24 17:46:03,509 [INFO]    🔄 Fallback: берём активных клиентов за 90 дней...
2026-03-24 17:46:03,657 [INFO]    ✅ Найдено активных клиентов: 486
2026-03-24 17:46:03,658 [INFO] 
💾 Загрузка кандидатов для 486 клиентов...
2026-03-24 17:46:35,178 [INFO]    ✅ Загружено кандидатов: 380,270
2026-03-24 17:46:35,258 [INFO]    📊 Из них 'Новых' (is_new=1): 92,849
2026-03-24 17:46:35,259 [INFO] 
🔮 Предсказание...
2026-03-24 17:51:16,887 [INFO] 
📋 Правило 2+2+1...
2026-03-24 17:51:30,977 [INFO] 
💾 Сохранение...
2026-03-24 17:51:31,724 [INFO] 
📄 Выгрузка в Excel...
2026-03-24 17:51:33,178 [INFO]    ✅ Файл: D:\ProjectZZZ\data\output\recommendations_2026-03-24_000000.xlsx
2026-03-24 17:51:33,179 [INFO] 
📊 Статистика типов рекомендаций:
2026-03-24 17:51:33,180 [INFO]    • new: 972 (40.0%)
2026-03-24 17:51:33,180 [INFO]    • develop_fallback: 970 (39.9%)
2026-03-24 17:51:33,180 [INFO]    • retain_fallback: 474 (19.5%)
2026-03-24 17:51:33,180 [INFO]    • filler: 14 (0.6%)
2026-03-24 17:51:33,181 [INFO] 
⚠️ Critical Fallback (нет Новых): 0/486 (0.0%)
2026-03-24 17:51:33,182 [INFO] 
🎉 Завершено! Время: 330.2 сек
