2026-03-21 19:23:38,910 [INFO] ======================================================================
2026-03-21 19:23:38,910 [INFO] 🚀 ЗАГРУЗКА СПРАВОЧНИКОВ ProjectZZZ v3.3
2026-03-21 19:23:38,911 [INFO] 📅 2026-03-21 19:23:38
2026-03-21 19:23:38,911 [INFO] ======================================================================
2026-03-21 19:23:38,911 [INFO] 
🔍 Найден файл: Справочник КА 25.xlsx
2026-03-21 19:23:38,914 [INFO] 
👥 ЗАГРУЗКА КЛИЕНТОВ: Справочник КА 25.xlsx
2026-03-21 19:23:39,172 [INFO]    📊 Колонок: 7, строк: 488
2026-03-21 19:23:39,175 [INFO]    📊 После очистки: 488 записей
2026-03-21 19:23:39,435 [INFO]    ✅ Загружено: 488 записей
2026-03-21 19:23:39,436 [INFO]    💾 Мета-файл обновлён
2026-03-21 19:23:39,436 [INFO] 
🔍 Найден файл: Справочник номенклатуры 25.xlsx
2026-03-21 19:23:39,440 [INFO] 
📦 ЗАГРУЗКА ТОВАРОВ: Справочник номенклатуры 25.xlsx
2026-03-21 19:24:02,279 [INFO]    📊 Колонок: 9, строк: 199485
2026-03-21 19:24:02,619 [INFO]    📊 После очистки: 199,485 записей
2026-03-21 19:24:30,740 [INFO]    ✅ Загружено: 199,485 записей
2026-03-21 19:24:30,752 [INFO]    💾 Мета-файл обновлён
2026-03-21 19:24:30,752 [INFO] 
🔍 Найден файл: Мин-макс расш. 25.11.25.xlsx
2026-03-21 19:24:30,756 [INFO] 
📊 ЗАГРУЗКА МИН-МАКС: Мин-макс расш. 25.11.25.xlsx
2026-03-21 19:24:49,834 [INFO]    📊 Всего: 67,885 строк, 82 колонок
2026-03-21 19:24:49,955 [INFO]    📊 Удалено дубликатов: 0
2026-03-21 19:24:49,955 [INFO]    📊 После очистки: 67,885 записей
2026-03-21 19:25:00,642 [INFO]    ✅ Загружено: 67,885 записей
2026-03-21 19:25:00,665 [INFO]    💾 Мета-файл обновлён
2026-03-21 19:25:00,666 [INFO] 
======================================================================
2026-03-21 19:25:00,666 [INFO] 📊 ИТОГИ
2026-03-21 19:25:00,666 [INFO] ======================================================================
2026-03-21 19:25:00,666 [INFO]   ✅ Клиенты: 488
2026-03-21 19:25:00,666 [INFO]   ✅ Товары: 199,485
2026-03-21 19:25:00,666 [INFO]   ✅ Мин-макс: 67,885
2026-03-21 19:25:00,666 [INFO] 
  📥 Всего: 267,858 записей
2026-03-21 19:25:00,667 [INFO]   ⏱️ Время: 81.8 сек
2026-03-21 19:25:00,667 [INFO] ======================================================================
