2026-03-24 00:41:51,051 [INFO] ======================================================================
2026-03-24 00:41:51,051 [INFO] 🧠 ProjectZZZ - ОБУЧЕНИЕ МОДЕЛИ LightGBM v1.0 (DB Source)
2026-03-24 00:41:51,051 [INFO] 📅 2026-03-24 00:41:51
2026-03-24 00:41:51,051 [INFO] ======================================================================
2026-03-24 00:41:51,097 [INFO] 
📊 Загрузка данных для обучения из backtest_results...
2026-03-24 00:43:16,653 [INFO]    ✅ Загружено записей: 5,535,780
2026-03-24 00:43:16,710 [INFO]    ✅ Положительных примеров (target=1): 127,132 (2.3%)
2026-03-24 00:43:16,711 [INFO]    ✅ Отрицательных примеров (target=0): 5,408,648
2026-03-24 00:43:16,711 [INFO]    ✅ Дисбаланс классов: 42.5:1
2026-03-24 00:43:16,711 [INFO] 
🔧 Кодирование категориальных признаков...
2026-03-24 00:43:18,077 [INFO]    ✅ marketing_group: 53 уникальных значений
2026-03-24 00:43:19,191 [INFO]    ✅ brand: 456 уникальных значений
2026-03-24 00:43:20,187 [INFO]    ✅ category: 1 уникальных значений
2026-03-24 00:43:20,187 [INFO] 
🔧 Подготовка признаков...
2026-03-24 00:43:21,587 [INFO]    ✅ Признаков: 15
2026-03-24 00:43:21,588 [INFO]    ✅ Пример признаков: ['frequency_30d', 'frequency_90d', 'days_since_last_purchase', 'rolling_sales_2w', 'rolling_sales_4w']
2026-03-24 00:43:24,474 [INFO] 
🧠 Обучение модели LightGBM...
2026-03-24 00:43:24,492 [INFO]    🔧 scale_pos_weight: 42.54
2026-03-24 00:43:24,495 [INFO]    📈 Обучение модели (с ранней остановкой)...
2026-03-24 00:45:02,424 [INFO]    ✅ Модель обучена (итераций: 1000)
2026-03-24 00:45:02,427 [INFO] 
📊 Важность признаков (топ-10):
2026-03-24 00:45:02,431 [INFO]    1. rolling_sales_8w: 10,207,698.11
2026-03-24 00:45:02,431 [INFO]    2. days_since_last_purchase: 6,431,499.15
2026-03-24 00:45:02,431 [INFO]    3. frequency_30d: 2,163,561.37
2026-03-24 00:45:02,432 [INFO]    4. marketing_group_encoded: 1,628,119.65
2026-03-24 00:45:02,432 [INFO]    5. price: 944,467.12
2026-03-24 00:45:02,432 [INFO]    6. frequency_90d: 913,599.19
2026-03-24 00:45:02,432 [INFO]    7. brand_encoded: 826,484.96
2026-03-24 00:45:02,432 [INFO]    8. days_since_last_purchase_group: 372,259.62
2026-03-24 00:45:02,432 [INFO]    9. group_share_in_portfolio: 322,957.60
2026-03-24 00:45:02,432 [INFO]    10. rolling_sales_4w: 174,230.08
2026-03-24 00:45:02,432 [INFO] 
   📈 Калибровка вероятностей (LogisticRegression)...
2026-03-24 00:45:05,757 [INFO] 
📊 Оценка качества модели...
2026-03-24 00:45:10,443 [INFO]    🔧 Выбран порог: 0.20
2026-03-24 00:45:10,900 [INFO]    📈 Brier Score: 0.0208 (порог <= 0.20)
2026-03-24 00:45:10,901 [INFO]    📈 AUC-ROC: 0.8315
2026-03-24 00:45:10,901 [INFO]    📈 Precision: 0.3432
2026-03-24 00:45:10,901 [INFO]    📈 Recall (Hit Rate): 0.1398
2026-03-24 00:45:10,902 [INFO]    ⚠️ Валидация метрик: НЕ ПРОЙДЕНА
2026-03-24 00:45:10,905 [INFO] 
💾 Сохранение модели...
2026-03-24 00:45:11,004 [INFO]    ✅ Модель: model_lightgbm_v1_20260324_004510.pkl
2026-03-24 00:45:11,004 [INFO]    ✅ Калибратор: calibrator_lightgbm_v1_20260324_004510.pkl
2026-03-24 00:45:11,005 [INFO]    ✅ Энкодеры: encoders_lightgbm_v1_20260324_004510.pkl
2026-03-24 00:45:11,005 [INFO] 
📝 Обновление реестра моделей...
2026-03-24 00:45:11,017 [INFO]    ✅ Реестр обновлён. Активная модель: model_lightgbm_v1
2026-03-24 00:45:11,017 [INFO] 
======================================================================
2026-03-24 00:45:11,017 [INFO] 🎉 ОБУЧЕНИЕ ЗАВЕРШЕНО!
2026-03-24 00:45:11,017 [INFO] ======================================================================
2026-03-24 00:45:11,018 [INFO] ⏱️ Общее время: 200.0 сек
