2026-03-21 14:54:57,208 [INFO] ======================================================================
2026-03-21 14:54:57,208 [INFO] ProjectZZZ - Обновление иерархии маркетинговых групп
2026-03-21 14:54:57,209 [INFO] ======================================================================
2026-03-21 14:54:57,237 [INFO] 
======================================================================
2026-03-21 14:54:57,237 [INFO] ОБНОВЛЕНИЕ ИЕРАРХИИ МАРКЕТИНГОВЫХ ГРУПП
2026-03-21 14:54:57,238 [INFO] ======================================================================
2026-03-21 14:54:57,326 [INFO] 
📋 Существующие колонки в skus: 10
2026-03-21 14:54:57,326 [INFO] 📋 Колонки связанные с маркетингом: ['Родитель', 'Наименование']
2026-03-21 14:54:57,327 [INFO] 
📌 Колонка уровня 1 (Родитель): Родитель
2026-03-21 14:54:57,327 [INFO] 📌 Колонка уровня 2 (Наименование): None
2026-03-21 14:54:57,327 [INFO] 
💾 Добавление колонок marketing_group1 и marketing_group2...
2026-03-21 14:54:57,338 [INFO] ✅ Колонки добавлены
2026-03-21 14:54:57,339 [INFO] 
🔄 Копирование данных из Родитель → marketing_group1...
2026-03-21 14:54:58,558 [INFO]    ✅ Обновлено: 197,858 записей
2026-03-21 14:54:58,558 [INFO] 
📑 Создание индексов...
2026-03-21 14:54:58,836 [INFO] ✅ Индексы созданы
2026-03-21 14:54:58,836 [INFO] 
📊 СТАТИСТИКА ПО МАРКЕТИНГОВЫМ ГРУППАМ:
2026-03-21 14:54:58,958 [INFO] 
📋 Топ групп уровня 1:
2026-03-21 14:54:58,958 [INFO]    Детали подвески: 19,945 SKU, 0 подгрупп
2026-03-21 14:54:58,959 [INFO]    РТИ подвески: 19,345 SKU, 0 подгрупп
2026-03-21 14:54:58,959 [INFO]    Детали тормозной системы: 15,040 SKU, 0 подгрупп
2026-03-21 14:54:58,959 [INFO]    Колодки тормозные: 9,659 SKU, 0 подгрупп
2026-03-21 14:54:58,959 [INFO]    Фильтры: 9,529 SKU, 0 подгрупп
2026-03-21 14:54:58,959 [INFO]    Прокладки: 9,271 SKU, 0 подгрупп
2026-03-21 14:54:58,959 [INFO]    Амортизаторы: 9,177 SKU, 0 подгрупп
2026-03-21 14:54:58,959 [INFO]    Наконечники и рулевые тяги: 7,191 SKU, 0 подгрупп
2026-03-21 14:54:58,959 [INFO]    РТИ двигателя: 6,706 SKU, 0 подгрупп
2026-03-21 14:54:58,960 [INFO]    Крепежные элементы: 6,542 SKU, 0 подгрупп
2026-03-21 14:54:58,960 [INFO]    Датчики: 6,468 SKU, 0 подгрупп
2026-03-21 14:54:58,960 [INFO]    Детали системы охлаждения: 6,380 SKU, 0 подгрупп
2026-03-21 14:54:58,960 [INFO]    ШРУСы / привода: 5,692 SKU, 0 подгрупп
2026-03-21 14:54:58,960 [INFO]    Ступица / подшипники: 5,479 SKU, 0 подгрупп
2026-03-21 14:54:58,960 [INFO]    Детали двигателя: 4,835 SKU, 0 подгрупп
2026-03-21 14:54:58,961 [INFO] 
✅ Обновление завершено успешно!
